Gurobi 10.0.2 (win64, Python) logging started Fri Feb 16 11:59:11 2024

Set parameter Username
Set parameter LogFile to value "C:\Users\ghadi\Downloads\Discrete Optimization Project - Gurobi- Instance 1\Discrete Optimization Project - Instance 1-Log File.log"
Academic license - for non-commercial use only - expires 2024-07-07
Set parameter Threads to value 1
Set parameter Presolve to value 1
Set parameter Method to value 0
Set parameter TimeLimit to value 600
Set parameter PreSparsify to value 1
Set parameter TimeLimit to value 1200
Gurobi Optimizer version 10.0.2 build v10.0.2rc0 (win64)

CPU model: 12th Gen Intel(R) Core(TM) i5-1235U, instruction set [SSE2|AVX|AVX2]
Thread count: 10 physical cores, 12 logical processors, using up to 1 threads

Optimize a model with 391080 rows, 98412 columns and 509603 nonzeros
Model fingerprint: 0x38e7e78b
Variable types: 0 continuous, 98412 integer (98412 binary)
Coefficient statistics:
  Matrix range     [1e+00, 1e+00]
  Objective range  [2e-03, 5e+00]
  Bounds range     [1e+00, 1e+00]
  RHS range        [1e+00, 1e+00]
Presolve removed 256324 rows and 83310 columns (presolve time = 9s) ...
Sparsify removed 2542 nonzeros (1%)
Presolve removed 256324 rows and 83172 columns
Presolve time: 8.85s
Presolved: 134756 rows, 15240 columns, 412263 nonzeros
Variable types: 0 continuous, 15240 integer (15240 binary)
Found heuristic solution: objective 211.9918167

Root simplex log...

Iteration    Objective       Primal Inf.    Dual Inf.      Time
       0   -0.0000000e+00   0.000000e+00   2.940000e+02      9s
    4011   -0.0000000e+00   0.000000e+00   0.000000e+00      9s
    4011   -0.0000000e+00   0.000000e+00   0.000000e+00      9s
    4011    0.0000000e+00   0.000000e+00   0.000000e+00      9s

Use crossover to convert LP symmetric solution to basic solution...

Root crossover log...

     588 PPushes remaining with PInf 0.0000000e+00                10s
       0 PPushes remaining with PInf 0.0000000e+00                10s

  Push phase complete: Pinf 0.0000000e+00, Dinf 0.0000000e+00     10s


Root simplex log...

Iteration    Objective       Primal Inf.    Dual Inf.      Time
    4602    0.0000000e+00   0.000000e+00   0.000000e+00     10s

Root relaxation: objective 0.000000e+00, 4602 iterations, 0.51 seconds (0.55 work units)
Total elapsed time = 10.95s

    Nodes    |    Current Node    |     Objective Bounds      |     Work
 Expl Unexpl |  Obj  Depth IntInf | Incumbent    BestBd   Gap | It/Node Time

     0     0    0.00000    0  383  211.99182    0.00000   100%     -   11s
     0     0    0.00000    0  518  211.99182    0.00000   100%     -   15s
     0     0    0.00000    0  442  211.99182    0.00000   100%     -   17s
     0     0    0.00000    0  497  211.99182    0.00000   100%     -   25s
     0     0    0.00000    0  550  211.99182    0.00000   100%     -   28s
     0     0    0.00000    0  552  211.99182    0.00000   100%     -   36s
     0     0    0.00000    0  558  211.99182    0.00000   100%     -   39s
     0     0    0.00000    0  492  211.99182    0.00000   100%     -   49s
     0     0    0.00000    0  563  211.99182    0.00000   100%     -   52s
     0     0    0.02366    0  488  211.99182    0.02366   100%     -   71s
     0     0    0.05572    0  680  211.99182    0.05572   100%     -   75s
     0     0    0.14569    0  729  211.99182    0.14569   100%     -   81s
     0     0    0.17673    0  792  211.99182    0.17673   100%     -   85s
     0     0    0.19397    0  846  211.99182    0.19397   100%     -   88s
     0     0    0.20991    0  876  211.99182    0.20991   100%     -   91s
     0     0    0.21715    0  941  211.99182    0.21715   100%     -   95s
     0     0    0.22548    0  865  211.99182    0.22548   100%     -   97s
     0     0    0.22748    0  850  211.99182    0.22748   100%     -  101s
     0     0    0.23023    0  980  211.99182    0.23023   100%     -  103s
     0     0    0.23230    0  980  211.99182    0.23230   100%     -  108s
     0     0    0.23551    0  986  211.99182    0.23551   100%     -  110s
     0     0    0.23699    0  998  211.99182    0.23699   100%     -  114s
     0     0    0.23771    0  966  211.99182    0.23771   100%     -  116s
     0     0    0.23797    0  998  211.99182    0.23797   100%     -  120s
     0     0    0.23886    0 1023  211.99182    0.23886   100%     -  121s
     0     0    0.23902    0 1043  211.99182    0.23902   100%     -  126s
     0     0    0.23934    0  998  211.99182    0.23934   100%     -  127s
     0     0    0.23960    0 1047  211.99182    0.23960   100%     -  132s
     0     0    0.23973    0 1081  211.99182    0.23973   100%     -  133s
     0     0    0.24056    0 1082  211.99182    0.24056   100%     -  137s
     0     0    0.24098    0 1085  211.99182    0.24098   100%     -  140s
     0     0    0.24123    0 1072  211.99182    0.24123   100%     -  144s
     0     0    0.24148    0 1077  211.99182    0.24148   100%     -  145s
     0     0    0.24162    0 1099  211.99182    0.24162   100%     -  150s
H    0     0                     191.6710311    0.24162   100%     -  150s
     0     0    0.24369    0 1015  191.67103    0.24369   100%     -  152s
     0     0    0.25048    0  951  191.67103    0.25048   100%     -  156s
     0     0    0.26158    0  975  191.67103    0.26158   100%     -  159s
     0     0    0.26880    0  890  191.67103    0.26880   100%     -  163s
     0     0    0.28126    0  925  191.67103    0.28126   100%     -  167s
     0     0    0.28752    0  923  191.67103    0.28752   100%     -  171s
     0     0    0.31239    0  963  191.67103    0.31239   100%     -  175s
     0     0    0.33088    0  931  191.67103    0.33088   100%     -  179s
     0     0    0.33872    0  914  191.67103    0.33872   100%     -  183s
     0     0    0.33983    0  936  191.67103    0.33983   100%     -  186s
     0     0    0.34445    0  899  191.67103    0.34445   100%     -  188s
     0     0    0.34788    0  835  191.67103    0.34788   100%     -  192s
     0     0    0.34802    0  925  191.67103    0.34802   100%     -  195s
     0     0    0.34941    0  818  191.67103    0.34941   100%     -  198s
     0     0    0.35275    0  849  191.67103    0.35275   100%     -  200s
     0     0    0.35892    0  954  191.67103    0.35892   100%     -  204s
     0     0    0.36219    0  943  191.67103    0.36219   100%     -  207s
     0     0    0.36219    0  913  191.67103    0.36219   100%     -  210s
     0     0    0.36219    0  963  191.67103    0.36219   100%     -  212s
     0     0    0.36219    0  923  191.67103    0.36219   100%     -  215s
     0     0    0.36219    0  940  191.67103    0.36219   100%     -  218s
     0     0    0.36219    0  911  191.67103    0.36219   100%     -  224s
     0     0    0.36219    0  911  191.67103    0.36219   100%     -  226s
H    0     0                     187.6022913    0.36219   100%     -  284s
     4     3    0.36219    2  118  187.60229    0.36219   100% 57863  305s
    33    32    0.36219   31  144  187.60229    0.36219   100%  7327  310s
    41    40    3.60605   35  235  187.60229    0.36219   100%  6255  315s
    50    49    3.71407   40  134  187.60229    0.36219   100%  5355  320s
    64    63    6.91620   47  282  187.60229    0.36219   100%  4437  325s
    77    76    7.38101   54  328  187.60229    0.36219   100%  3862  330s
    96    95   18.35008   65  386  187.60229    0.36219   100%  3248  335s
   127   121    3.37799    6  416  187.60229    0.36219   100%  2619  340s
   138   132    2.78955   14  344  187.60229    0.36219   100%  2493  345s
   143   137    5.94334   17  422  187.60229    0.36219   100%  2492  350s
   153   147    7.25702   22  443  187.60229    0.36219   100%  2411  355s
   161   155    6.10033   26  155  187.60229    0.36219   100%  2369  360s
   176   170   14.22694   35  455  187.60229    0.36219   100%  2249  365s
   205   199   21.93295   53  265  187.60229    0.36219   100%  2015  370s
   223   207    6.12487   12  331  187.60229    0.36219   100%  1933  375s
   229   213    4.32037   16  382  187.60229    0.36219   100%  1930  380s
   234   218    7.96082   19  471  187.60229    0.36219   100%  1942  385s
   242   226    6.34276   24  461  187.60229    0.36219   100%  1934  390s
   250   234    9.86255   29  508  187.60229    0.36219   100%  1934  395s
   259   243   10.25476   33  475  187.60229    0.36219   100%  1921  400s
   273   257   17.79376   41  544  187.60229    0.36219   100%  1886  405s
   289   273   23.57483   52  508  187.60229    0.36219   100%  1833  410s
   323   285    2.57657   12  481  187.60229    0.36219   100%  1687  415s
   331   293    3.99830   16  493  187.60229    0.36219   100%  1686  420s
   336   298    4.98951   19  454  187.60229    0.36219   100%  1715  426s
   344   306    8.39304   23  445  187.60229    0.36219   100%  1711  430s
   350   312    7.74279   26  552  187.60229    0.36219   100%  1714  435s
   356   318   14.80415   30  552  187.60229    0.36219   100%  1728  440s
   365   327    8.52359   35  465  187.60229    0.36219   100%  1721  445s
   379   341   10.64888   39  259  187.60229    0.36219   100%  1695  450s
   395   357   14.77778   49  399  187.60229    0.36219   100%  1662  455s
   428   374    2.12502    4  483  187.60229    0.36219   100%  1588  462s
   429   375    4.49020    5  469  187.60229    0.36219   100%  1596  465s
   435   381    5.10849    8  426  187.60229    0.36219   100%  1605  470s
   442   388    6.36190    9  470  187.60229    0.36219   100%  1609  476s
   445   391    5.91564   13  437  187.60229    0.36219   100%  1620  480s
   449   395    6.36258   15  461  187.60229    0.36219   100%  1631  486s
   456   402   10.27382   16  425  187.60229    0.36219   100%  1633  491s
   461   407    5.59097   21  482  187.60229    0.36219   100%  1638  495s
   466   412    5.00000   22  480  187.60229    0.36219   100%  1647  500s
   472   418    7.37774   25  460  187.60229    0.36219   100%  1655  506s
   476   422   12.77094   27  475  187.60229    0.36219   100%  1655  511s
   481   427   13.79718   29  434  187.60229    0.36219   100%  1658  515s
   490   436   17.29527   34  523  187.60229    0.36219   100%  1655  520s
   500   446   17.31582   38  307  187.60229    0.36219   100%  1645  525s
H  503   448                     178.7266776    0.36219   100%  1243  526s
   504   451    0.36219    2   87  178.72668    0.36219   100%  1698  539s
   509   454   10.28200    5  152  178.72668    0.36219   100%  1690  540s
   562   495   71.62242   35  191  178.72668    0.36219   100%  1547  545s
   653   560   69.53240   31  157  178.72668    0.36219   100%  1353  550s
   771   646   78.58846   66   77  178.72668    0.36219   100%  1160  555s
   808   673   28.70016   14  653  178.72668    8.22962  95.4%  1137  560s
H 1003   867                     178.0703764    8.22962  95.4%   731  563s
  1004   870    8.22962    2  125  178.07038    8.22962  95.4%   964  610s
  1014   880    8.22962   12  125  178.07038    8.22962  95.4%   962  615s
  1018   884    8.22962   16  125  178.07038    8.22962  95.4%   968  622s
  1021   887    8.22962   19  125  178.07038    8.22962  95.4%   969  625s
  1023   889    9.16593   20  407  178.07038    8.22962  95.4%   981  630s
  1030   896    8.22962   26  128  178.07038    8.22962  95.4%   981  635s
  1035   901    8.22962   30  130  178.07038    8.22962  95.4%   987  640s
  1038   904   10.35144   31  360  178.07038    8.22962  95.4%  1000  646s
  1040   906   10.84576   32  429  178.07038    8.22962  95.4%  1007  650s
  1044   910   11.08612   34  490  178.07038    8.22962  95.4%  1020  656s
  1046   912   14.42011   35  277  178.07038    8.22962  95.4%  1026  660s
  1050   916    8.84834   37  228  178.07038    8.22962  95.4%  1036  665s
  1055   921   10.93076   40  312  178.07038    8.22962  95.4%  1046  671s
  1057   923    8.22962   41  267  178.07038    8.22962  95.4%  1050  675s
  1062   928   10.56290   44  270  178.07038    8.22962  95.4%  1068  684s
  1063   929   11.60668   44  584  178.07038    8.22962  95.4%  1076  687s
  1065   931   21.51135   45  677  178.07038    8.22962  95.4%  1084  692s
  1067   933   11.25007   46  316  178.07038    8.22962  95.4%  1088  696s
  1069   935   20.40358   47  598  178.07038    8.22962  95.4%  1094  700s
  1072   938   19.29792   49  430  178.07038    8.22962  95.4%  1100  705s
  1074   940   24.00801   50  705  178.07038    8.22962  95.4%  1109  710s
  1081   947   28.60038   54 1021  178.07038    8.22962  95.4%  1115  715s
  1108   974   38.07820   74  623  178.07038    8.22962  95.4%  1099  720s
  1189  1049    9.70084    3  296  178.07038    8.22962  95.4%  1033  725s
  1191  1051   23.32250    4  651  178.07038    8.22962  95.4%  1045  731s
  1193  1053   21.96645    5  436  178.07038    8.22962  95.4%  1050  735s
  1197  1057   23.48404    7  523  178.07038    8.22962  95.4%  1063  742s
  1199  1059   21.56151    8  495  178.07038    8.22962  95.4%  1071  748s
  1200  1060   19.81091    9  393  178.07038    8.22962  95.4%  1078  753s
  1203  1063   14.46783   10  496  178.07038    8.22962  95.4%  1082  756s
  1209  1069   20.61654   14  454  178.07038    8.22962  95.4%  1087  760s
  1217  1077   18.49441   20  642  178.07038    8.22962  95.4%  1087  765s
  1226  1086   35.43481   25  974  178.07038    8.22962  95.4%  1093  770s
  1272  1088    9.96534    4  513  178.07038    8.22962  95.4%  1065  776s
  1274  1090   17.10588    5  368  178.07038    8.22962  95.4%  1073  781s
  1276  1092   18.62397    6  586  178.07038    8.22962  95.4%  1079  786s
  1278  1094   17.13551    7  548  178.07038    8.22962  95.4%  1084  790s
  1288  1104   11.01543   15  621  178.07038    8.22962  95.4%  1081  795s
  1294  1110   13.94419   19  720  178.07038    8.22962  95.4%  1081  800s
  1305  1121   22.76935   24  721  178.07038    8.22962  95.4%  1082  805s
  1313  1129   40.88660   29 1107  178.07038    8.22962  95.4%  1086  810s
  1370  1176    8.66735    8  192  178.07038    8.22962  95.4%  1052  816s
  1372  1178   18.81178    9  435  178.07038    8.22962  95.4%  1060  821s
  1377  1183   21.75415   12  617  178.07038    8.22962  95.4%  1073  830s
  1380  1186   21.23502   13  716  178.07038    8.22962  95.4%  1087  839s
  1383  1189   18.08920   15  323  178.07038    8.22962  95.4%  1092  844s
  1385  1191   16.62711   14  325  178.07038    8.22962  95.4%  1097  847s
  1386  1192   21.26573   16  514  178.07038    8.22962  95.4%  1104  851s
  1390  1196   20.05200   18  462  178.07038    8.22962  95.4%  1115  859s
  1391  1197   14.14416   19  361  178.07038    8.22962  95.4%  1118  861s
  1395  1201   13.74545   19  485  178.07038    8.22962  95.4%  1123  865s
  1407  1213   36.23936   27  779  178.07038    8.22962  95.4%  1127  870s
  1414  1220   29.11548   30  827  178.07038    8.22962  95.4%  1136  875s
  1463  1225   10.64866   16  372  178.07038    8.22962  95.4%  1112  883s
  1464  1226   11.07002   17  616  178.07038    8.22962  95.4%  1113  885s
  1467  1229   24.40116   18 1086  178.07038    8.22962  95.4%  1122  890s
  1472  1234   24.59439   19  766  178.07038    8.22962  95.4%  1126  895s
  1485  1247   36.68620   28 1261  178.07038    8.22962  95.4%  1130  900s
H 1503  1258                     160.8281506    8.22962  94.9%   997  902s
  1507  1263   24.12543   41  555  160.82815    8.22962  94.9%  1133  905s
  1536  1286    8.22962   13  105  160.82815    8.22962  94.9%  1165  997s
  1541  1289    9.72799   15  105  160.82815    8.22962  94.9%  1167 1000s
  1549  1294   10.30082   19  100  160.82815    8.22962  94.9%  1170 1005s
  1559  1301    8.90065   24   72  160.82815    8.22962  94.9%  1173 1010s
  1568  1307    8.22962   29  105  160.82815    8.22962  94.9%  1175 1015s
  1575  1312    9.90217   32  202  160.82815    8.22962  94.9%  1178 1020s
  1586  1319    8.22962   38  118  160.82815    8.22962  94.9%  1180 1025s
  1595  1325    8.69853   42   87  160.82815    8.22962  94.9%  1182 1030s
  1603  1330   13.22397   46  298  160.82815    8.22962  94.9%  1184 1035s
  1611  1336   10.38265   50  110  160.82815    8.22962  94.9%  1184 1040s
  1621  1342   12.39314   55  288  160.82815    8.22962  94.9%  1185 1045s
  1631  1349   12.48103   60  233  160.82815    8.22962  94.9%  1185 1050s
  1640  1355   19.18672   65  328  160.82815    8.22962  94.9%  1184 1055s
  1649  1361   25.61680   69  471  160.82815    8.22962  94.9%  1183 1060s
  1661  1369   29.49476   75  263  160.82815    8.22962  94.9%  1181 1065s
  1671  1352   32.18216   80  230  160.82815    8.22962  94.9%  1178 1070s
  1692  1364   32.95212   91  410  160.82815    8.22962  94.9%  1170 1075s
  1742  1367   13.53077   45  111  160.82815    8.22962  94.9%  1144 1080s
  1756  1376   12.69771   52  121  160.82815    8.22962  94.9%  1141 1085s
  1772  1387   12.50049   60  126  160.82815    8.22962  94.9%  1140 1090s
  1788  1398   19.29524   68  280  160.82815    8.22962  94.9%  1138 1095s
  1811  1413   22.89971   80  340  160.82815    8.22962  94.9%  1129 1100s
  1837  1426   33.92275   93  387  160.82815    8.22962  94.9%  1121 1105s
  1868  1422   10.77627   47  104  160.82815    8.22962  94.9%  1109 1110s
  1880  1430   10.83069   53  147  160.82815    8.22962  94.9%  1111 1115s
  1887  1435    8.22962   57  130  160.82815    8.22962  94.9%  1112 1120s
  1897  1441    8.22962   62  145  160.82815    8.22962  94.9%  1114 1125s
  1911  1451   11.91593   69  230  160.82815    8.60114  94.7%  1114 1130s
  1924  1459   17.81227   75  251  160.82815    8.60114  94.7%  1112 1135s
  1949  1476   19.84828   88  326  160.82815    8.60114  94.7%  1102 1140s
  1972  1491   26.25745   99  408  160.82815    8.60114  94.7%  1095 1145s
  2032  1517    8.63306   34   86  160.82815    8.60130  94.7%  1067 1150s
  2050  1529   10.88742   49  145  160.82815    8.60130  94.7%  1060 1155s
  2066  1540   12.56648   59  257  160.82815    8.60130  94.7%  1057 1160s
  2077  1547   17.29855   64  338  160.82815    8.60130  94.7%  1057 1165s
  2097  1561   23.87119   68  168  160.82815    8.60130  94.7%  1053 1170s
  2128  1579   31.20425   82  221  160.82815    8.60130  94.7%  1044 1175s
H 2153  1587                     160.7921440    8.60130  94.7%   941 1177s
  2176  1608   10.99574   14  186  160.79214    8.60130  94.7%  1032 1184s
  2180  1611    8.60130   16   85  160.79214    8.60130  94.7%  1032 1185s
  2204  1623   64.38673   28  622  160.79214    8.60130  94.7%  1027 1190s
  2274  1633   10.99574   18  159  160.79214    8.60130  94.7%   998 1195s
  2298  1647   43.04156   30  661  160.79214    8.60130  94.7%   993 1200s

Cutting planes:
  Clique: 2
  MIR: 21
  Zero half: 1
  RLT: 2178
  BQP: 12

Explored 2299 nodes (2306124 simplex iterations) in 1200.07 seconds (3352.34 work units)
Thread count was 1 (of 12 available processors)

Solution count 7: 160.792 160.828 178.07 ... 211.992

Time limit reached
Best objective 1.607921440262e+02, best bound 8.602291325696e+00, gap 94.6501%
